<?xml version="1.0" encoding="UTF-8"?>
<testsuite xmlns:xsi="http://www.w3.org/2001/XMLSchema-instance" xsi:noNamespaceSchemaLocation="https://maven.apache.org/surefire/maven-failsafe-plugin/xsd/failsafe-test-report.xsd" name="com.nttdata.core.menu.web.MenuControllerTestIT" time="0.005" tests="1" errors="1" skipped="0" failures="0">
  <properties>
    <property name="sun.desktop" value="windows"/>
    <property name="awt.toolkit" value="sun.awt.windows.WToolkit"/>
    <property name="java.specification.version" value="11"/>
    <property name="sun.cpu.isalist" value="amd64"/>
    <property name="sun.jnu.encoding" value="Cp1252"/>
    <property name="java.class.path" value="C:\dev\git\bootcamp\java\bootcamp\target\test-classes;C:\dev\git\bootcamp\java\bootcamp\target\classes;C:\dev\git\bootcamp\java\core-config\target\core-config.jar;C:\Users\lmartnun\.m2\repository\org\projectlombok\lombok\1.18.26\lombok-1.18.26.jar;C:\dev\git\bootcamp\java\core-config\target\core-config-tests.jar;C:\Users\lmartnun\.m2\repository\org\springframework\boot\spring-boot-starter-test\2.7.12\spring-boot-starter-test-2.7.12.jar;C:\Users\lmartnun\.m2\repository\org\springframework\boot\spring-boot-starter\2.7.12\spring-boot-starter-2.7.12.jar;C:\Users\lmartnun\.m2\repository\org\springframework\boot\spring-boot-starter-logging\2.7.12\spring-boot-starter-logging-2.7.12.jar;C:\Users\lmartnun\.m2\repository\ch\qos\logback\logback-classic\1.2.12\logback-classic-1.2.12.jar;C:\Users\lmartnun\.m2\repository\ch\qos\logback\logback-core\1.2.12\logback-core-1.2.12.jar;C:\Users\lmartnun\.m2\repository\org\apache\logging\log4j\log4j-to-slf4j\2.17.2\log4j-to-slf4j-2.17.2.jar;C:\Users\lmartnun\.m2\repository\org\slf4j\jul-to-slf4j\1.7.36\jul-to-slf4j-1.7.36.jar;C:\Users\lmartnun\.m2\repository\jakarta\annotation\jakarta.annotation-api\1.3.5\jakarta.annotation-api-1.3.5.jar;C:\Users\lmartnun\.m2\repository\org\yaml\snakeyaml\1.30\snakeyaml-1.30.jar;C:\Users\lmartnun\.m2\repository\org\springframework\boot\spring-boot-test\2.7.12\spring-boot-test-2.7.12.jar;C:\Users\lmartnun\.m2\repository\org\springframework\boot\spring-boot-test-autoconfigure\2.7.12\spring-boot-test-autoconfigure-2.7.12.jar;C:\Users\lmartnun\.m2\repository\com\jayway\jsonpath\json-path\2.7.0\json-path-2.7.0.jar;C:\Users\lmartnun\.m2\repository\net\minidev\json-smart\2.4.11\json-smart-2.4.11.jar;C:\Users\lmartnun\.m2\repository\net\minidev\accessors-smart\2.4.11\accessors-smart-2.4.11.jar;C:\Users\lmartnun\.m2\repository\org\ow2\asm\asm\9.3\asm-9.3.jar;C:\Users\lmartnun\.m2\repository\jakarta\xml\bind\jakarta.xml.bind-api\2.3.3\jakarta.xml.bind-api-2.3.3.jar;C:\Users\lmartnun\.m2\repository\jakarta\activation\jakarta.activation-api\1.2.2\jakarta.activation-api-1.2.2.jar;C:\Users\lmartnun\.m2\repository\org\assertj\assertj-core\3.22.0\assertj-core-3.22.0.jar;C:\Users\lmartnun\.m2\repository\org\hamcrest\hamcrest\2.2\hamcrest-2.2.jar;C:\Users\lmartnun\.m2\repository\org\junit\jupiter\junit-jupiter\5.8.2\junit-jupiter-5.8.2.jar;C:\Users\lmartnun\.m2\repository\org\junit\jupiter\junit-jupiter-params\5.8.2\junit-jupiter-params-5.8.2.jar;C:\Users\lmartnun\.m2\repository\org\junit\jupiter\junit-jupiter-engine\5.8.2\junit-jupiter-engine-5.8.2.jar;C:\Users\lmartnun\.m2\repository\org\junit\platform\junit-platform-engine\1.8.2\junit-platform-engine-1.8.2.jar;C:\Users\lmartnun\.m2\repository\org\mockito\mockito-core\4.5.1\mockito-core-4.5.1.jar;C:\Users\lmartnun\.m2\repository\net\bytebuddy\byte-buddy-agent\1.12.23\byte-buddy-agent-1.12.23.jar;C:\Users\lmartnun\.m2\repository\org\mockito\mockito-junit-jupiter\4.5.1\mockito-junit-jupiter-4.5.1.jar;C:\Users\lmartnun\.m2\repository\org\skyscreamer\jsonassert\1.5.1\jsonassert-1.5.1.jar;C:\Users\lmartnun\.m2\repository\com\vaadin\external\google\android-json\0.0.20131108.vaadin1\android-json-0.0.20131108.vaadin1.jar;C:\Users\lmartnun\.m2\repository\org\springframework\spring-core\5.3.27\spring-core-5.3.27.jar;C:\Users\lmartnun\.m2\repository\org\springframework\spring-jcl\5.3.27\spring-jcl-5.3.27.jar;C:\Users\lmartnun\.m2\repository\org\springframework\spring-test\5.3.27\spring-test-5.3.27.jar;C:\Users\lmartnun\.m2\repository\org\xmlunit\xmlunit-core\2.9.1\xmlunit-core-2.9.1.jar;C:\Users\lmartnun\.m2\repository\nl\jqno\equalsverifier\equalsverifier\3.14.1\equalsverifier-3.14.1.jar;C:\Users\lmartnun\.m2\repository\org\objenesis\objenesis\3.3\objenesis-3.3.jar;C:\Users\lmartnun\.m2\repository\net\bytebuddy\byte-buddy\1.12.23\byte-buddy-1.12.23.jar;C:\Users\lmartnun\.m2\repository\org\testcontainers\postgresql\1.17.6\postgresql-1.17.6.jar;C:\Users\lmartnun\.m2\repository\org\testcontainers\jdbc\1.17.6\jdbc-1.17.6.jar;C:\Users\lmartnun\.m2\repository\org\testcontainers\database-commons\1.17.6\database-commons-1.17.6.jar;C:\Users\lmartnun\.m2\repository\org\testcontainers\junit-jupiter\1.17.6\junit-jupiter-1.17.6.jar;C:\Users\lmartnun\.m2\repository\org\testcontainers\testcontainers\1.17.6\testcontainers-1.17.6.jar;C:\Users\lmartnun\.m2\repository\junit\junit\4.13.2\junit-4.13.2.jar;C:\Users\lmartnun\.m2\repository\org\hamcrest\hamcrest-core\2.2\hamcrest-core-2.2.jar;C:\Users\lmartnun\.m2\repository\org\rnorth\duct-tape\duct-tape\1.0.8\duct-tape-1.0.8.jar;C:\Users\lmartnun\.m2\repository\org\jetbrains\annotations\17.0.0\annotations-17.0.0.jar;C:\Users\lmartnun\.m2\repository\com\github\docker-java\docker-java-api\3.2.13\docker-java-api-3.2.13.jar;C:\Users\lmartnun\.m2\repository\com\github\docker-java\docker-java-transport-zerodep\3.2.13\docker-java-transport-zerodep-3.2.13.jar;C:\Users\lmartnun\.m2\repository\com\github\docker-java\docker-java-transport\3.2.13\docker-java-transport-3.2.13.jar;C:\Users\lmartnun\.m2\repository\net\java\dev\jna\jna\5.8.0\jna-5.8.0.jar;C:\Users\lmartnun\.m2\repository\org\junit\jupiter\junit-jupiter-api\5.8.2\junit-jupiter-api-5.8.2.jar;C:\Users\lmartnun\.m2\repository\org\opentest4j\opentest4j\1.2.0\opentest4j-1.2.0.jar;C:\Users\lmartnun\.m2\repository\org\junit\platform\junit-platform-commons\1.8.2\junit-platform-commons-1.8.2.jar;C:\Users\lmartnun\.m2\repository\org\apiguardian\apiguardian-api\1.1.2\apiguardian-api-1.1.2.jar;C:\Users\lmartnun\.m2\repository\co\elastic\logging\logback-ecs-encoder\1.5.0\logback-ecs-encoder-1.5.0.jar;C:\Users\lmartnun\.m2\repository\co\elastic\logging\ecs-logging-core\1.5.0\ecs-logging-core-1.5.0.jar;C:\Users\lmartnun\.m2\repository\org\springframework\boot\spring-boot-starter-aop\2.7.12\spring-boot-starter-aop-2.7.12.jar;C:\Users\lmartnun\.m2\repository\org\springframework\spring-aop\5.3.27\spring-aop-5.3.27.jar;C:\Users\lmartnun\.m2\repository\org\aspectj\aspectjweaver\1.9.7\aspectjweaver-1.9.7.jar;C:\Users\lmartnun\.m2\repository\org\springframework\boot\spring-boot-starter-actuator\2.7.12\spring-boot-starter-actuator-2.7.12.jar;C:\Users\lmartnun\.m2\repository\org\springframework\boot\spring-boot-actuator-autoconfigure\2.7.12\spring-boot-actuator-autoconfigure-2.7.12.jar;C:\Users\lmartnun\.m2\repository\org\springframework\boot\spring-boot-actuator\2.7.12\spring-boot-actuator-2.7.12.jar;C:\Users\lmartnun\.m2\repository\com\fasterxml\jackson\datatype\jackson-datatype-jsr310\2.13.5\jackson-datatype-jsr310-2.13.5.jar;C:\Users\lmartnun\.m2\repository\io\micrometer\micrometer-core\1.9.11\micrometer-core-1.9.11.jar;C:\Users\lmartnun\.m2\repository\org\hdrhistogram\HdrHistogram\2.1.12\HdrHistogram-2.1.12.jar;C:\Users\lmartnun\.m2\repository\org\latencyutils\LatencyUtils\2.0.3\LatencyUtils-2.0.3.jar;C:\Users\lmartnun\.m2\repository\org\springframework\boot\spring-boot-starter-cache\2.7.12\spring-boot-starter-cache-2.7.12.jar;C:\Users\lmartnun\.m2\repository\org\springframework\spring-context-support\5.3.27\spring-context-support-5.3.27.jar;C:\Users\lmartnun\.m2\repository\org\springframework\boot\spring-boot-starter-data-jdbc\2.7.12\spring-boot-starter-data-jdbc-2.7.12.jar;C:\Users\lmartnun\.m2\repository\org\springframework\boot\spring-boot-starter-jdbc\2.7.12\spring-boot-starter-jdbc-2.7.12.jar;C:\Users\lmartnun\.m2\repository\com\zaxxer\HikariCP\4.0.3\HikariCP-4.0.3.jar;C:\Users\lmartnun\.m2\repository\org\springframework\spring-jdbc\5.3.27\spring-jdbc-5.3.27.jar;C:\Users\lmartnun\.m2\repository\org\springframework\data\spring-data-jdbc\2.4.12\spring-data-jdbc-2.4.12.jar;C:\Users\lmartnun\.m2\repository\org\springframework\data\spring-data-relational\2.4.12\spring-data-relational-2.4.12.jar;C:\Users\lmartnun\.m2\repository\org\springframework\data\spring-data-commons\2.7.12\spring-data-commons-2.7.12.jar;C:\Users\lmartnun\.m2\repository\org\springframework\boot\spring-boot-starter-security\2.7.12\spring-boot-starter-security-2.7.12.jar;C:\Users\lmartnun\.m2\repository\org\springframework\security\spring-security-config\5.7.8\spring-security-config-5.7.8.jar;C:\Users\lmartnun\.m2\repository\org\springframework\security\spring-security-core\5.7.8\spring-security-core-5.7.8.jar;C:\Users\lmartnun\.m2\repository\org\springframework\security\spring-security-crypto\5.7.8\spring-security-crypto-5.7.8.jar;C:\Users\lmartnun\.m2\repository\org\springframework\security\spring-security-web\5.7.8\spring-security-web-5.7.8.jar;C:\Users\lmartnun\.m2\repository\org\springframework\spring-expression\5.3.27\spring-expression-5.3.27.jar;C:\Users\lmartnun\.m2\repository\org\springframework\boot\spring-boot-starter-validation\2.7.12\spring-boot-starter-validation-2.7.12.jar;C:\Users\lmartnun\.m2\repository\org\apache\tomcat\embed\tomcat-embed-el\9.0.75\tomcat-embed-el-9.0.75.jar;C:\Users\lmartnun\.m2\repository\org\hibernate\validator\hibernate-validator\6.2.5.Final\hibernate-validator-6.2.5.Final.jar;C:\Users\lmartnun\.m2\repository\jakarta\validation\jakarta.validation-api\2.0.2\jakarta.validation-api-2.0.2.jar;C:\Users\lmartnun\.m2\repository\org\jboss\logging\jboss-logging\3.4.3.Final\jboss-logging-3.4.3.Final.jar;C:\Users\lmartnun\.m2\repository\com\fasterxml\classmate\1.5.1\classmate-1.5.1.jar;C:\Users\lmartnun\.m2\repository\org\springframework\boot\spring-boot-starter-web\2.7.12\spring-boot-starter-web-2.7.12.jar;C:\Users\lmartnun\.m2\repository\org\springframework\boot\spring-boot-starter-json\2.7.12\spring-boot-starter-json-2.7.12.jar;C:\Users\lmartnun\.m2\repository\com\fasterxml\jackson\datatype\jackson-datatype-jdk8\2.13.5\jackson-datatype-jdk8-2.13.5.jar;C:\Users\lmartnun\.m2\repository\com\fasterxml\jackson\module\jackson-module-parameter-names\2.13.5\jackson-module-parameter-names-2.13.5.jar;C:\Users\lmartnun\.m2\repository\org\springframework\spring-web\5.3.27\spring-web-5.3.27.jar;C:\Users\lmartnun\.m2\repository\org\springframework\spring-webmvc\5.3.27\spring-webmvc-5.3.27.jar;C:\Users\lmartnun\.m2\repository\org\springframework\boot\spring-boot-starter-undertow\2.7.12\spring-boot-starter-undertow-2.7.12.jar;C:\Users\lmartnun\.m2\repository\io\undertow\undertow-core\2.2.24.Final\undertow-core-2.2.24.Final.jar;C:\Users\lmartnun\.m2\repository\org\jboss\xnio\xnio-api\3.8.7.Final\xnio-api-3.8.7.Final.jar;C:\Users\lmartnun\.m2\repository\org\wildfly\common\wildfly-common\1.5.4.Final\wildfly-common-1.5.4.Final.jar;C:\Users\lmartnun\.m2\repository\org\wildfly\client\wildfly-client-config\1.0.1.Final\wildfly-client-config-1.0.1.Final.jar;C:\Users\lmartnun\.m2\repository\org\jboss\xnio\xnio-nio\3.8.7.Final\xnio-nio-3.8.7.Final.jar;C:\Users\lmartnun\.m2\repository\org\jboss\threads\jboss-threads\3.1.0.Final\jboss-threads-3.1.0.Final.jar;C:\Users\lmartnun\.m2\repository\io\undertow\undertow-servlet\2.2.24.Final\undertow-servlet-2.2.24.Final.jar;C:\Users\lmartnun\.m2\repository\io\undertow\undertow-websockets-jsr\2.2.24.Final\undertow-websockets-jsr-2.2.24.Final.jar;C:\Users\lmartnun\.m2\repository\jakarta\servlet\jakarta.servlet-api\4.0.4\jakarta.servlet-api-4.0.4.jar;C:\Users\lmartnun\.m2\repository\jakarta\websocket\jakarta.websocket-api\1.1.2\jakarta.websocket-api-1.1.2.jar;C:\Users\lmartnun\.m2\repository\org\springframework\security\spring-security-saml2-service-provider\5.7.8\spring-security-saml2-service-provider-5.7.8.jar;C:\Users\lmartnun\.m2\repository\org\springframework\boot\spring-boot-configuration-processor\2.7.12\spring-boot-configuration-processor-2.7.12.jar;C:\Users\lmartnun\.m2\repository\org\opensaml\opensaml-core\4.3.0\opensaml-core-4.3.0.jar;C:\Users\lmartnun\.m2\repository\commons-codec\commons-codec\1.15\commons-codec-1.15.jar;C:\Users\lmartnun\.m2\repository\com\google\code\findbugs\jsr305\3.0.2\jsr305-3.0.2.jar;C:\Users\lmartnun\.m2\repository\io\dropwizard\metrics\metrics-core\4.2.18\metrics-core-4.2.18.jar;C:\Users\lmartnun\.m2\repository\org\slf4j\slf4j-api\1.7.36\slf4j-api-1.7.36.jar;C:\Users\lmartnun\.m2\repository\net\shibboleth\utilities\java-support\8.4.0\java-support-8.4.0.jar;C:\Users\lmartnun\.m2\repository\org\opensaml\opensaml-saml-api\4.3.0\opensaml-saml-api-4.3.0.jar;C:\Users\lmartnun\.m2\repository\org\opensaml\opensaml-messaging-api\4.3.0\opensaml-messaging-api-4.3.0.jar;C:\Users\lmartnun\.m2\repository\org\opensaml\opensaml-profile-api\4.3.0\opensaml-profile-api-4.3.0.jar;C:\Users\lmartnun\.m2\repository\org\opensaml\opensaml-security-api\4.3.0\opensaml-security-api-4.3.0.jar;C:\Users\lmartnun\.m2\repository\org\cryptacular\cryptacular\1.2.5\cryptacular-1.2.5.jar;C:\Users\lmartnun\.m2\repository\org\bouncycastle\bcprov-jdk18on\1.72\bcprov-jdk18on-1.72.jar;C:\Users\lmartnun\.m2\repository\org\bouncycastle\bcpkix-jdk18on\1.72\bcpkix-jdk18on-1.72.jar;C:\Users\lmartnun\.m2\repository\org\bouncycastle\bcutil-jdk18on\1.72\bcutil-jdk18on-1.72.jar;C:\Users\lmartnun\.m2\repository\org\opensaml\opensaml-soap-api\4.3.0\opensaml-soap-api-4.3.0.jar;C:\Users\lmartnun\.m2\repository\org\opensaml\opensaml-xmlsec-api\4.3.0\opensaml-xmlsec-api-4.3.0.jar;C:\Users\lmartnun\.m2\repository\org\apache\santuario\xmlsec\2.3.3\xmlsec-2.3.3.jar;C:\Users\lmartnun\.m2\repository\org\opensaml\opensaml-saml-impl\4.3.0\opensaml-saml-impl-4.3.0.jar;C:\Users\lmartnun\.m2\repository\org\opensaml\opensaml-security-impl\4.3.0\opensaml-security-impl-4.3.0.jar;C:\Users\lmartnun\.m2\repository\org\opensaml\opensaml-soap-impl\4.3.0\opensaml-soap-impl-4.3.0.jar;C:\Users\lmartnun\.m2\repository\org\opensaml\opensaml-storage-api\4.3.0\opensaml-storage-api-4.3.0.jar;C:\Users\lmartnun\.m2\repository\org\opensaml\opensaml-xmlsec-impl\4.3.0\opensaml-xmlsec-impl-4.3.0.jar;C:\Users\lmartnun\.m2\repository\org\apache\velocity\velocity-engine-core\2.3\velocity-engine-core-2.3.jar;C:\Users\lmartnun\.m2\repository\org\apache\httpcomponents\httpclient\4.5.14\httpclient-4.5.14.jar;C:\Users\lmartnun\.m2\repository\org\apache\httpcomponents\httpcore\4.4.16\httpcore-4.4.16.jar;C:\Users\lmartnun\.m2\repository\org\hdiv\hdiv-config\3.5.2\hdiv-config-3.5.2.jar;C:\Users\lmartnun\.m2\repository\org\hdiv\hdiv-core\3.5.2\hdiv-core-3.5.2.jar;C:\Users\lmartnun\.m2\repository\org\hdiv\hdiv-spring-mvc\3.5.2\hdiv-spring-mvc-3.5.2.jar;C:\Users\lmartnun\.m2\repository\net\sf\ehcache\ehcache-web\2.0.4\ehcache-web-2.0.4.jar;C:\Users\lmartnun\.m2\repository\net\sf\ehcache\ehcache\2.10.9.2\ehcache-2.10.9.2.jar;C:\Users\lmartnun\.m2\repository\org\mybatis\spring\boot\mybatis-spring-boot-starter\2.3.1\mybatis-spring-boot-starter-2.3.1.jar;C:\Users\lmartnun\.m2\repository\org\mybatis\spring\boot\mybatis-spring-boot-autoconfigure\2.3.1\mybatis-spring-boot-autoconfigure-2.3.1.jar;C:\Users\lmartnun\.m2\repository\org\mybatis\mybatis\3.5.13\mybatis-3.5.13.jar;C:\Users\lmartnun\.m2\repository\org\mybatis\mybatis-spring\2.1.1\mybatis-spring-2.1.1.jar;C:\Users\lmartnun\.m2\repository\org\springframework\batch\spring-batch-core\4.3.8\spring-batch-core-4.3.8.jar;C:\Users\lmartnun\.m2\repository\com\fasterxml\jackson\core\jackson-databind\2.13.5\jackson-databind-2.13.5.jar;C:\Users\lmartnun\.m2\repository\com\fasterxml\jackson\core\jackson-annotations\2.13.5\jackson-annotations-2.13.5.jar;C:\Users\lmartnun\.m2\repository\com\fasterxml\jackson\core\jackson-core\2.13.5\jackson-core-2.13.5.jar;C:\Users\lmartnun\.m2\repository\javax\batch\javax.batch-api\1.0\javax.batch-api-1.0.jar;C:\Users\lmartnun\.m2\repository\org\springframework\batch\spring-batch-infrastructure\4.3.8\spring-batch-infrastructure-4.3.8.jar;C:\Users\lmartnun\.m2\repository\org\springframework\retry\spring-retry\1.3.4\spring-retry-1.3.4.jar;C:\Users\lmartnun\.m2\repository\org\springframework\spring-beans\5.3.27\spring-beans-5.3.27.jar;C:\Users\lmartnun\.m2\repository\org\springframework\spring-context\5.3.27\spring-context-5.3.27.jar;C:\Users\lmartnun\.m2\repository\org\springframework\spring-tx\5.3.27\spring-tx-5.3.27.jar;C:\Users\lmartnun\.m2\repository\org\apache\commons\commons-lang3\3.12.0\commons-lang3-3.12.0.jar;C:\Users\lmartnun\.m2\repository\commons-beanutils\commons-beanutils\1.9.4\commons-beanutils-1.9.4.jar;C:\Users\lmartnun\.m2\repository\commons-logging\commons-logging\1.2\commons-logging-1.2.jar;C:\Users\lmartnun\.m2\repository\commons-collections\commons-collections\3.2.2\commons-collections-3.2.2.jar;C:\Users\lmartnun\.m2\repository\org\liquibase\liquibase-core\4.9.1\liquibase-core-4.9.1.jar;C:\Users\lmartnun\.m2\repository\javax\xml\bind\jaxb-api\2.3.1\jaxb-api-2.3.1.jar;C:\Users\lmartnun\.m2\repository\javax\activation\javax.activation-api\1.2.0\javax.activation-api-1.2.0.jar;C:\Users\lmartnun\.m2\repository\org\springframework\boot\spring-boot-devtools\2.7.12\spring-boot-devtools-2.7.12.jar;C:\Users\lmartnun\.m2\repository\org\springframework\boot\spring-boot\2.7.12\spring-boot-2.7.12.jar;C:\Users\lmartnun\.m2\repository\org\springframework\boot\spring-boot-autoconfigure\2.7.12\spring-boot-autoconfigure-2.7.12.jar;C:\Users\lmartnun\.m2\repository\org\postgresql\postgresql\42.3.8\postgresql-42.3.8.jar;C:\Users\lmartnun\.m2\repository\org\checkerframework\checker-qual\3.5.0\checker-qual-3.5.0.jar;C:\Users\lmartnun\.m2\repository\org\springdoc\springdoc-openapi-ui\1.7.0\springdoc-openapi-ui-1.7.0.jar;C:\Users\lmartnun\.m2\repository\org\springdoc\springdoc-openapi-webmvc-core\1.7.0\springdoc-openapi-webmvc-core-1.7.0.jar;C:\Users\lmartnun\.m2\repository\org\springdoc\springdoc-openapi-common\1.7.0\springdoc-openapi-common-1.7.0.jar;C:\Users\lmartnun\.m2\repository\io\swagger\core\v3\swagger-core\2.2.9\swagger-core-2.2.9.jar;C:\Users\lmartnun\.m2\repository\com\fasterxml\jackson\dataformat\jackson-dataformat-yaml\2.13.5\jackson-dataformat-yaml-2.13.5.jar;C:\Users\lmartnun\.m2\repository\io\swagger\core\v3\swagger-annotations\2.2.9\swagger-annotations-2.2.9.jar;C:\Users\lmartnun\.m2\repository\io\swagger\core\v3\swagger-models\2.2.9\swagger-models-2.2.9.jar;C:\Users\lmartnun\.m2\repository\org\webjars\swagger-ui\4.18.2\swagger-ui-4.18.2.jar;C:\Users\lmartnun\.m2\repository\com\google\guava\guava\31.1-jre\guava-31.1-jre.jar;C:\Users\lmartnun\.m2\repository\com\google\guava\failureaccess\1.0.1\failureaccess-1.0.1.jar;C:\Users\lmartnun\.m2\repository\com\google\guava\listenablefuture\9999.0-empty-to-avoid-conflict-with-guava\listenablefuture-9999.0-empty-to-avoid-conflict-with-guava.jar;C:\Users\lmartnun\.m2\repository\com\google\errorprone\error_prone_annotations\2.11.0\error_prone_annotations-2.11.0.jar;C:\Users\lmartnun\.m2\repository\com\google\j2objc\j2objc-annotations\1.3\j2objc-annotations-1.3.jar;C:\Users\lmartnun\.m2\repository\org\apache\poi\poi-ooxml\5.2.3\poi-ooxml-5.2.3.jar;C:\Users\lmartnun\.m2\repository\org\apache\poi\poi\5.2.3\poi-5.2.3.jar;C:\Users\lmartnun\.m2\repository\org\apache\commons\commons-math3\3.6.1\commons-math3-3.6.1.jar;C:\Users\lmartnun\.m2\repository\com\zaxxer\SparseBitSet\1.2\SparseBitSet-1.2.jar;C:\Users\lmartnun\.m2\repository\org\apache\poi\poi-ooxml-lite\5.2.3\poi-ooxml-lite-5.2.3.jar;C:\Users\lmartnun\.m2\repository\org\apache\xmlbeans\xmlbeans\5.1.1\xmlbeans-5.1.1.jar;C:\Users\lmartnun\.m2\repository\org\apache\commons\commons-compress\1.21\commons-compress-1.21.jar;C:\Users\lmartnun\.m2\repository\commons-io\commons-io\2.11.0\commons-io-2.11.0.jar;C:\Users\lmartnun\.m2\repository\com\github\virtuald\curvesapi\1.07\curvesapi-1.07.jar;C:\Users\lmartnun\.m2\repository\org\apache\logging\log4j\log4j-api\2.17.2\log4j-api-2.17.2.jar;C:\Users\lmartnun\.m2\repository\org\apache\commons\commons-collections4\4.4\commons-collections4-4.4.jar;"/>
    <property name="java.vm.vendor" value="Oracle Corporation"/>
    <property name="sun.arch.data.model" value="64"/>
    <property name="user.variant" value=""/>
    <property name="java.vendor.url" value="https://openjdk.java.net/"/>
    <property name="user.timezone" value="Europe/Paris"/>
    <property name="java.vm.specification.version" value="11"/>
    <property name="os.name" value="Windows 10"/>
    <property name="sun.java.launcher" value="SUN_STANDARD"/>
    <property name="user.country" value="ES"/>
    <property name="sun.boot.library.path" value="C:\dev\java\jdk-11.0.13\bin"/>
    <property name="sun.java.command" value="C:\Users\lmartnun\AppData\Local\Temp\surefire15618751924033110126\surefirebooter16012320495916635997.jar C:\Users\lmartnun\AppData\Local\Temp\surefire15618751924033110126 2023-07-18T12-29-47_972-jvmRun1 surefire6653230798874438060tmp surefire_04360969004696474151tmp"/>
    <property name="jdk.debug" value="release"/>
    <property name="surefire.test.class.path" value="C:\dev\git\bootcamp\java\bootcamp\target\test-classes;C:\dev\git\bootcamp\java\bootcamp\target\classes;C:\dev\git\bootcamp\java\core-config\target\core-config.jar;C:\Users\lmartnun\.m2\repository\org\projectlombok\lombok\1.18.26\lombok-1.18.26.jar;C:\dev\git\bootcamp\java\core-config\target\core-config-tests.jar;C:\Users\lmartnun\.m2\repository\org\springframework\boot\spring-boot-starter-test\2.7.12\spring-boot-starter-test-2.7.12.jar;C:\Users\lmartnun\.m2\repository\org\springframework\boot\spring-boot-starter\2.7.12\spring-boot-starter-2.7.12.jar;C:\Users\lmartnun\.m2\repository\org\springframework\boot\spring-boot-starter-logging\2.7.12\spring-boot-starter-logging-2.7.12.jar;C:\Users\lmartnun\.m2\repository\ch\qos\logback\logback-classic\1.2.12\logback-classic-1.2.12.jar;C:\Users\lmartnun\.m2\repository\ch\qos\logback\logback-core\1.2.12\logback-core-1.2.12.jar;C:\Users\lmartnun\.m2\repository\org\apache\logging\log4j\log4j-to-slf4j\2.17.2\log4j-to-slf4j-2.17.2.jar;C:\Users\lmartnun\.m2\repository\org\slf4j\jul-to-slf4j\1.7.36\jul-to-slf4j-1.7.36.jar;C:\Users\lmartnun\.m2\repository\jakarta\annotation\jakarta.annotation-api\1.3.5\jakarta.annotation-api-1.3.5.jar;C:\Users\lmartnun\.m2\repository\org\yaml\snakeyaml\1.30\snakeyaml-1.30.jar;C:\Users\lmartnun\.m2\repository\org\springframework\boot\spring-boot-test\2.7.12\spring-boot-test-2.7.12.jar;C:\Users\lmartnun\.m2\repository\org\springframework\boot\spring-boot-test-autoconfigure\2.7.12\spring-boot-test-autoconfigure-2.7.12.jar;C:\Users\lmartnun\.m2\repository\com\jayway\jsonpath\json-path\2.7.0\json-path-2.7.0.jar;C:\Users\lmartnun\.m2\repository\net\minidev\json-smart\2.4.11\json-smart-2.4.11.jar;C:\Users\lmartnun\.m2\repository\net\minidev\accessors-smart\2.4.11\accessors-smart-2.4.11.jar;C:\Users\lmartnun\.m2\repository\org\ow2\asm\asm\9.3\asm-9.3.jar;C:\Users\lmartnun\.m2\repository\jakarta\xml\bind\jakarta.xml.bind-api\2.3.3\jakarta.xml.bind-api-2.3.3.jar;C:\Users\lmartnun\.m2\repository\jakarta\activation\jakarta.activation-api\1.2.2\jakarta.activation-api-1.2.2.jar;C:\Users\lmartnun\.m2\repository\org\assertj\assertj-core\3.22.0\assertj-core-3.22.0.jar;C:\Users\lmartnun\.m2\repository\org\hamcrest\hamcrest\2.2\hamcrest-2.2.jar;C:\Users\lmartnun\.m2\repository\org\junit\jupiter\junit-jupiter\5.8.2\junit-jupiter-5.8.2.jar;C:\Users\lmartnun\.m2\repository\org\junit\jupiter\junit-jupiter-params\5.8.2\junit-jupiter-params-5.8.2.jar;C:\Users\lmartnun\.m2\repository\org\junit\jupiter\junit-jupiter-engine\5.8.2\junit-jupiter-engine-5.8.2.jar;C:\Users\lmartnun\.m2\repository\org\junit\platform\junit-platform-engine\1.8.2\junit-platform-engine-1.8.2.jar;C:\Users\lmartnun\.m2\repository\org\mockito\mockito-core\4.5.1\mockito-core-4.5.1.jar;C:\Users\lmartnun\.m2\repository\net\bytebuddy\byte-buddy-agent\1.12.23\byte-buddy-agent-1.12.23.jar;C:\Users\lmartnun\.m2\repository\org\mockito\mockito-junit-jupiter\4.5.1\mockito-junit-jupiter-4.5.1.jar;C:\Users\lmartnun\.m2\repository\org\skyscreamer\jsonassert\1.5.1\jsonassert-1.5.1.jar;C:\Users\lmartnun\.m2\repository\com\vaadin\external\google\android-json\0.0.20131108.vaadin1\android-json-0.0.20131108.vaadin1.jar;C:\Users\lmartnun\.m2\repository\org\springframework\spring-core\5.3.27\spring-core-5.3.27.jar;C:\Users\lmartnun\.m2\repository\org\springframework\spring-jcl\5.3.27\spring-jcl-5.3.27.jar;C:\Users\lmartnun\.m2\repository\org\springframework\spring-test\5.3.27\spring-test-5.3.27.jar;C:\Users\lmartnun\.m2\repository\org\xmlunit\xmlunit-core\2.9.1\xmlunit-core-2.9.1.jar;C:\Users\lmartnun\.m2\repository\nl\jqno\equalsverifier\equalsverifier\3.14.1\equalsverifier-3.14.1.jar;C:\Users\lmartnun\.m2\repository\org\objenesis\objenesis\3.3\objenesis-3.3.jar;C:\Users\lmartnun\.m2\repository\net\bytebuddy\byte-buddy\1.12.23\byte-buddy-1.12.23.jar;C:\Users\lmartnun\.m2\repository\org\testcontainers\postgresql\1.17.6\postgresql-1.17.6.jar;C:\Users\lmartnun\.m2\repository\org\testcontainers\jdbc\1.17.6\jdbc-1.17.6.jar;C:\Users\lmartnun\.m2\repository\org\testcontainers\database-commons\1.17.6\database-commons-1.17.6.jar;C:\Users\lmartnun\.m2\repository\org\testcontainers\junit-jupiter\1.17.6\junit-jupiter-1.17.6.jar;C:\Users\lmartnun\.m2\repository\org\testcontainers\testcontainers\1.17.6\testcontainers-1.17.6.jar;C:\Users\lmartnun\.m2\repository\junit\junit\4.13.2\junit-4.13.2.jar;C:\Users\lmartnun\.m2\repository\org\hamcrest\hamcrest-core\2.2\hamcrest-core-2.2.jar;C:\Users\lmartnun\.m2\repository\org\rnorth\duct-tape\duct-tape\1.0.8\duct-tape-1.0.8.jar;C:\Users\lmartnun\.m2\repository\org\jetbrains\annotations\17.0.0\annotations-17.0.0.jar;C:\Users\lmartnun\.m2\repository\com\github\docker-java\docker-java-api\3.2.13\docker-java-api-3.2.13.jar;C:\Users\lmartnun\.m2\repository\com\github\docker-java\docker-java-transport-zerodep\3.2.13\docker-java-transport-zerodep-3.2.13.jar;C:\Users\lmartnun\.m2\repository\com\github\docker-java\docker-java-transport\3.2.13\docker-java-transport-3.2.13.jar;C:\Users\lmartnun\.m2\repository\net\java\dev\jna\jna\5.8.0\jna-5.8.0.jar;C:\Users\lmartnun\.m2\repository\org\junit\jupiter\junit-jupiter-api\5.8.2\junit-jupiter-api-5.8.2.jar;C:\Users\lmartnun\.m2\repository\org\opentest4j\opentest4j\1.2.0\opentest4j-1.2.0.jar;C:\Users\lmartnun\.m2\repository\org\junit\platform\junit-platform-commons\1.8.2\junit-platform-commons-1.8.2.jar;C:\Users\lmartnun\.m2\repository\org\apiguardian\apiguardian-api\1.1.2\apiguardian-api-1.1.2.jar;C:\Users\lmartnun\.m2\repository\co\elastic\logging\logback-ecs-encoder\1.5.0\logback-ecs-encoder-1.5.0.jar;C:\Users\lmartnun\.m2\repository\co\elastic\logging\ecs-logging-core\1.5.0\ecs-logging-core-1.5.0.jar;C:\Users\lmartnun\.m2\repository\org\springframework\boot\spring-boot-starter-aop\2.7.12\spring-boot-starter-aop-2.7.12.jar;C:\Users\lmartnun\.m2\repository\org\springframework\spring-aop\5.3.27\spring-aop-5.3.27.jar;C:\Users\lmartnun\.m2\repository\org\aspectj\aspectjweaver\1.9.7\aspectjweaver-1.9.7.jar;C:\Users\lmartnun\.m2\repository\org\springframework\boot\spring-boot-starter-actuator\2.7.12\spring-boot-starter-actuator-2.7.12.jar;C:\Users\lmartnun\.m2\repository\org\springframework\boot\spring-boot-actuator-autoconfigure\2.7.12\spring-boot-actuator-autoconfigure-2.7.12.jar;C:\Users\lmartnun\.m2\repository\org\springframework\boot\spring-boot-actuator\2.7.12\spring-boot-actuator-2.7.12.jar;C:\Users\lmartnun\.m2\repository\com\fasterxml\jackson\datatype\jackson-datatype-jsr310\2.13.5\jackson-datatype-jsr310-2.13.5.jar;C:\Users\lmartnun\.m2\repository\io\micrometer\micrometer-core\1.9.11\micrometer-core-1.9.11.jar;C:\Users\lmartnun\.m2\repository\org\hdrhistogram\HdrHistogram\2.1.12\HdrHistogram-2.1.12.jar;C:\Users\lmartnun\.m2\repository\org\latencyutils\LatencyUtils\2.0.3\LatencyUtils-2.0.3.jar;C:\Users\lmartnun\.m2\repository\org\springframework\boot\spring-boot-starter-cache\2.7.12\spring-boot-starter-cache-2.7.12.jar;C:\Users\lmartnun\.m2\repository\org\springframework\spring-context-support\5.3.27\spring-context-support-5.3.27.jar;C:\Users\lmartnun\.m2\repository\org\springframework\boot\spring-boot-starter-data-jdbc\2.7.12\spring-boot-starter-data-jdbc-2.7.12.jar;C:\Users\lmartnun\.m2\repository\org\springframework\boot\spring-boot-starter-jdbc\2.7.12\spring-boot-starter-jdbc-2.7.12.jar;C:\Users\lmartnun\.m2\repository\com\zaxxer\HikariCP\4.0.3\HikariCP-4.0.3.jar;C:\Users\lmartnun\.m2\repository\org\springframework\spring-jdbc\5.3.27\spring-jdbc-5.3.27.jar;C:\Users\lmartnun\.m2\repository\org\springframework\data\spring-data-jdbc\2.4.12\spring-data-jdbc-2.4.12.jar;C:\Users\lmartnun\.m2\repository\org\springframework\data\spring-data-relational\2.4.12\spring-data-relational-2.4.12.jar;C:\Users\lmartnun\.m2\repository\org\springframework\data\spring-data-commons\2.7.12\spring-data-commons-2.7.12.jar;C:\Users\lmartnun\.m2\repository\org\springframework\boot\spring-boot-starter-security\2.7.12\spring-boot-starter-security-2.7.12.jar;C:\Users\lmartnun\.m2\repository\org\springframework\security\spring-security-config\5.7.8\spring-security-config-5.7.8.jar;C:\Users\lmartnun\.m2\repository\org\springframework\security\spring-security-core\5.7.8\spring-security-core-5.7.8.jar;C:\Users\lmartnun\.m2\repository\org\springframework\security\spring-security-crypto\5.7.8\spring-security-crypto-5.7.8.jar;C:\Users\lmartnun\.m2\repository\org\springframework\security\spring-security-web\5.7.8\spring-security-web-5.7.8.jar;C:\Users\lmartnun\.m2\repository\org\springframework\spring-expression\5.3.27\spring-expression-5.3.27.jar;C:\Users\lmartnun\.m2\repository\org\springframework\boot\spring-boot-starter-validation\2.7.12\spring-boot-starter-validation-2.7.12.jar;C:\Users\lmartnun\.m2\repository\org\apache\tomcat\embed\tomcat-embed-el\9.0.75\tomcat-embed-el-9.0.75.jar;C:\Users\lmartnun\.m2\repository\org\hibernate\validator\hibernate-validator\6.2.5.Final\hibernate-validator-6.2.5.Final.jar;C:\Users\lmartnun\.m2\repository\jakarta\validation\jakarta.validation-api\2.0.2\jakarta.validation-api-2.0.2.jar;C:\Users\lmartnun\.m2\repository\org\jboss\logging\jboss-logging\3.4.3.Final\jboss-logging-3.4.3.Final.jar;C:\Users\lmartnun\.m2\repository\com\fasterxml\classmate\1.5.1\classmate-1.5.1.jar;C:\Users\lmartnun\.m2\repository\org\springframework\boot\spring-boot-starter-web\2.7.12\spring-boot-starter-web-2.7.12.jar;C:\Users\lmartnun\.m2\repository\org\springframework\boot\spring-boot-starter-json\2.7.12\spring-boot-starter-json-2.7.12.jar;C:\Users\lmartnun\.m2\repository\com\fasterxml\jackson\datatype\jackson-datatype-jdk8\2.13.5\jackson-datatype-jdk8-2.13.5.jar;C:\Users\lmartnun\.m2\repository\com\fasterxml\jackson\module\jackson-module-parameter-names\2.13.5\jackson-module-parameter-names-2.13.5.jar;C:\Users\lmartnun\.m2\repository\org\springframework\spring-web\5.3.27\spring-web-5.3.27.jar;C:\Users\lmartnun\.m2\repository\org\springframework\spring-webmvc\5.3.27\spring-webmvc-5.3.27.jar;C:\Users\lmartnun\.m2\repository\org\springframework\boot\spring-boot-starter-undertow\2.7.12\spring-boot-starter-undertow-2.7.12.jar;C:\Users\lmartnun\.m2\repository\io\undertow\undertow-core\2.2.24.Final\undertow-core-2.2.24.Final.jar;C:\Users\lmartnun\.m2\repository\org\jboss\xnio\xnio-api\3.8.7.Final\xnio-api-3.8.7.Final.jar;C:\Users\lmartnun\.m2\repository\org\wildfly\common\wildfly-common\1.5.4.Final\wildfly-common-1.5.4.Final.jar;C:\Users\lmartnun\.m2\repository\org\wildfly\client\wildfly-client-config\1.0.1.Final\wildfly-client-config-1.0.1.Final.jar;C:\Users\lmartnun\.m2\repository\org\jboss\xnio\xnio-nio\3.8.7.Final\xnio-nio-3.8.7.Final.jar;C:\Users\lmartnun\.m2\repository\org\jboss\threads\jboss-threads\3.1.0.Final\jboss-threads-3.1.0.Final.jar;C:\Users\lmartnun\.m2\repository\io\undertow\undertow-servlet\2.2.24.Final\undertow-servlet-2.2.24.Final.jar;C:\Users\lmartnun\.m2\repository\io\undertow\undertow-websockets-jsr\2.2.24.Final\undertow-websockets-jsr-2.2.24.Final.jar;C:\Users\lmartnun\.m2\repository\jakarta\servlet\jakarta.servlet-api\4.0.4\jakarta.servlet-api-4.0.4.jar;C:\Users\lmartnun\.m2\repository\jakarta\websocket\jakarta.websocket-api\1.1.2\jakarta.websocket-api-1.1.2.jar;C:\Users\lmartnun\.m2\repository\org\springframework\security\spring-security-saml2-service-provider\5.7.8\spring-security-saml2-service-provider-5.7.8.jar;C:\Users\lmartnun\.m2\repository\org\springframework\boot\spring-boot-configuration-processor\2.7.12\spring-boot-configuration-processor-2.7.12.jar;C:\Users\lmartnun\.m2\repository\org\opensaml\opensaml-core\4.3.0\opensaml-core-4.3.0.jar;C:\Users\lmartnun\.m2\repository\commons-codec\commons-codec\1.15\commons-codec-1.15.jar;C:\Users\lmartnun\.m2\repository\com\google\code\findbugs\jsr305\3.0.2\jsr305-3.0.2.jar;C:\Users\lmartnun\.m2\repository\io\dropwizard\metrics\metrics-core\4.2.18\metrics-core-4.2.18.jar;C:\Users\lmartnun\.m2\repository\org\slf4j\slf4j-api\1.7.36\slf4j-api-1.7.36.jar;C:\Users\lmartnun\.m2\repository\net\shibboleth\utilities\java-support\8.4.0\java-support-8.4.0.jar;C:\Users\lmartnun\.m2\repository\org\opensaml\opensaml-saml-api\4.3.0\opensaml-saml-api-4.3.0.jar;C:\Users\lmartnun\.m2\repository\org\opensaml\opensaml-messaging-api\4.3.0\opensaml-messaging-api-4.3.0.jar;C:\Users\lmartnun\.m2\repository\org\opensaml\opensaml-profile-api\4.3.0\opensaml-profile-api-4.3.0.jar;C:\Users\lmartnun\.m2\repository\org\opensaml\opensaml-security-api\4.3.0\opensaml-security-api-4.3.0.jar;C:\Users\lmartnun\.m2\repository\org\cryptacular\cryptacular\1.2.5\cryptacular-1.2.5.jar;C:\Users\lmartnun\.m2\repository\org\bouncycastle\bcprov-jdk18on\1.72\bcprov-jdk18on-1.72.jar;C:\Users\lmartnun\.m2\repository\org\bouncycastle\bcpkix-jdk18on\1.72\bcpkix-jdk18on-1.72.jar;C:\Users\lmartnun\.m2\repository\org\bouncycastle\bcutil-jdk18on\1.72\bcutil-jdk18on-1.72.jar;C:\Users\lmartnun\.m2\repository\org\opensaml\opensaml-soap-api\4.3.0\opensaml-soap-api-4.3.0.jar;C:\Users\lmartnun\.m2\repository\org\opensaml\opensaml-xmlsec-api\4.3.0\opensaml-xmlsec-api-4.3.0.jar;C:\Users\lmartnun\.m2\repository\org\apache\santuario\xmlsec\2.3.3\xmlsec-2.3.3.jar;C:\Users\lmartnun\.m2\repository\org\opensaml\opensaml-saml-impl\4.3.0\opensaml-saml-impl-4.3.0.jar;C:\Users\lmartnun\.m2\repository\org\opensaml\opensaml-security-impl\4.3.0\opensaml-security-impl-4.3.0.jar;C:\Users\lmartnun\.m2\repository\org\opensaml\opensaml-soap-impl\4.3.0\opensaml-soap-impl-4.3.0.jar;C:\Users\lmartnun\.m2\repository\org\opensaml\opensaml-storage-api\4.3.0\opensaml-storage-api-4.3.0.jar;C:\Users\lmartnun\.m2\repository\org\opensaml\opensaml-xmlsec-impl\4.3.0\opensaml-xmlsec-impl-4.3.0.jar;C:\Users\lmartnun\.m2\repository\org\apache\velocity\velocity-engine-core\2.3\velocity-engine-core-2.3.jar;C:\Users\lmartnun\.m2\repository\org\apache\httpcomponents\httpclient\4.5.14\httpclient-4.5.14.jar;C:\Users\lmartnun\.m2\repository\org\apache\httpcomponents\httpcore\4.4.16\httpcore-4.4.16.jar;C:\Users\lmartnun\.m2\repository\org\hdiv\hdiv-config\3.5.2\hdiv-config-3.5.2.jar;C:\Users\lmartnun\.m2\repository\org\hdiv\hdiv-core\3.5.2\hdiv-core-3.5.2.jar;C:\Users\lmartnun\.m2\repository\org\hdiv\hdiv-spring-mvc\3.5.2\hdiv-spring-mvc-3.5.2.jar;C:\Users\lmartnun\.m2\repository\net\sf\ehcache\ehcache-web\2.0.4\ehcache-web-2.0.4.jar;C:\Users\lmartnun\.m2\repository\net\sf\ehcache\ehcache\2.10.9.2\ehcache-2.10.9.2.jar;C:\Users\lmartnun\.m2\repository\org\mybatis\spring\boot\mybatis-spring-boot-starter\2.3.1\mybatis-spring-boot-starter-2.3.1.jar;C:\Users\lmartnun\.m2\repository\org\mybatis\spring\boot\mybatis-spring-boot-autoconfigure\2.3.1\mybatis-spring-boot-autoconfigure-2.3.1.jar;C:\Users\lmartnun\.m2\repository\org\mybatis\mybatis\3.5.13\mybatis-3.5.13.jar;C:\Users\lmartnun\.m2\repository\org\mybatis\mybatis-spring\2.1.1\mybatis-spring-2.1.1.jar;C:\Users\lmartnun\.m2\repository\org\springframework\batch\spring-batch-core\4.3.8\spring-batch-core-4.3.8.jar;C:\Users\lmartnun\.m2\repository\com\fasterxml\jackson\core\jackson-databind\2.13.5\jackson-databind-2.13.5.jar;C:\Users\lmartnun\.m2\repository\com\fasterxml\jackson\core\jackson-annotations\2.13.5\jackson-annotations-2.13.5.jar;C:\Users\lmartnun\.m2\repository\com\fasterxml\jackson\core\jackson-core\2.13.5\jackson-core-2.13.5.jar;C:\Users\lmartnun\.m2\repository\javax\batch\javax.batch-api\1.0\javax.batch-api-1.0.jar;C:\Users\lmartnun\.m2\repository\org\springframework\batch\spring-batch-infrastructure\4.3.8\spring-batch-infrastructure-4.3.8.jar;C:\Users\lmartnun\.m2\repository\org\springframework\retry\spring-retry\1.3.4\spring-retry-1.3.4.jar;C:\Users\lmartnun\.m2\repository\org\springframework\spring-beans\5.3.27\spring-beans-5.3.27.jar;C:\Users\lmartnun\.m2\repository\org\springframework\spring-context\5.3.27\spring-context-5.3.27.jar;C:\Users\lmartnun\.m2\repository\org\springframework\spring-tx\5.3.27\spring-tx-5.3.27.jar;C:\Users\lmartnun\.m2\repository\org\apache\commons\commons-lang3\3.12.0\commons-lang3-3.12.0.jar;C:\Users\lmartnun\.m2\repository\commons-beanutils\commons-beanutils\1.9.4\commons-beanutils-1.9.4.jar;C:\Users\lmartnun\.m2\repository\commons-logging\commons-logging\1.2\commons-logging-1.2.jar;C:\Users\lmartnun\.m2\repository\commons-collections\commons-collections\3.2.2\commons-collections-3.2.2.jar;C:\Users\lmartnun\.m2\repository\org\liquibase\liquibase-core\4.9.1\liquibase-core-4.9.1.jar;C:\Users\lmartnun\.m2\repository\javax\xml\bind\jaxb-api\2.3.1\jaxb-api-2.3.1.jar;C:\Users\lmartnun\.m2\repository\javax\activation\javax.activation-api\1.2.0\javax.activation-api-1.2.0.jar;C:\Users\lmartnun\.m2\repository\org\springframework\boot\spring-boot-devtools\2.7.12\spring-boot-devtools-2.7.12.jar;C:\Users\lmartnun\.m2\repository\org\springframework\boot\spring-boot\2.7.12\spring-boot-2.7.12.jar;C:\Users\lmartnun\.m2\repository\org\springframework\boot\spring-boot-autoconfigure\2.7.12\spring-boot-autoconfigure-2.7.12.jar;C:\Users\lmartnun\.m2\repository\org\postgresql\postgresql\42.3.8\postgresql-42.3.8.jar;C:\Users\lmartnun\.m2\repository\org\checkerframework\checker-qual\3.5.0\checker-qual-3.5.0.jar;C:\Users\lmartnun\.m2\repository\org\springdoc\springdoc-openapi-ui\1.7.0\springdoc-openapi-ui-1.7.0.jar;C:\Users\lmartnun\.m2\repository\org\springdoc\springdoc-openapi-webmvc-core\1.7.0\springdoc-openapi-webmvc-core-1.7.0.jar;C:\Users\lmartnun\.m2\repository\org\springdoc\springdoc-openapi-common\1.7.0\springdoc-openapi-common-1.7.0.jar;C:\Users\lmartnun\.m2\repository\io\swagger\core\v3\swagger-core\2.2.9\swagger-core-2.2.9.jar;C:\Users\lmartnun\.m2\repository\com\fasterxml\jackson\dataformat\jackson-dataformat-yaml\2.13.5\jackson-dataformat-yaml-2.13.5.jar;C:\Users\lmartnun\.m2\repository\io\swagger\core\v3\swagger-annotations\2.2.9\swagger-annotations-2.2.9.jar;C:\Users\lmartnun\.m2\repository\io\swagger\core\v3\swagger-models\2.2.9\swagger-models-2.2.9.jar;C:\Users\lmartnun\.m2\repository\org\webjars\swagger-ui\4.18.2\swagger-ui-4.18.2.jar;C:\Users\lmartnun\.m2\repository\com\google\guava\guava\31.1-jre\guava-31.1-jre.jar;C:\Users\lmartnun\.m2\repository\com\google\guava\failureaccess\1.0.1\failureaccess-1.0.1.jar;C:\Users\lmartnun\.m2\repository\com\google\guava\listenablefuture\9999.0-empty-to-avoid-conflict-with-guava\listenablefuture-9999.0-empty-to-avoid-conflict-with-guava.jar;C:\Users\lmartnun\.m2\repository\com\google\errorprone\error_prone_annotations\2.11.0\error_prone_annotations-2.11.0.jar;C:\Users\lmartnun\.m2\repository\com\google\j2objc\j2objc-annotations\1.3\j2objc-annotations-1.3.jar;C:\Users\lmartnun\.m2\repository\org\apache\poi\poi-ooxml\5.2.3\poi-ooxml-5.2.3.jar;C:\Users\lmartnun\.m2\repository\org\apache\poi\poi\5.2.3\poi-5.2.3.jar;C:\Users\lmartnun\.m2\repository\org\apache\commons\commons-math3\3.6.1\commons-math3-3.6.1.jar;C:\Users\lmartnun\.m2\repository\com\zaxxer\SparseBitSet\1.2\SparseBitSet-1.2.jar;C:\Users\lmartnun\.m2\repository\org\apache\poi\poi-ooxml-lite\5.2.3\poi-ooxml-lite-5.2.3.jar;C:\Users\lmartnun\.m2\repository\org\apache\xmlbeans\xmlbeans\5.1.1\xmlbeans-5.1.1.jar;C:\Users\lmartnun\.m2\repository\org\apache\commons\commons-compress\1.21\commons-compress-1.21.jar;C:\Users\lmartnun\.m2\repository\commons-io\commons-io\2.11.0\commons-io-2.11.0.jar;C:\Users\lmartnun\.m2\repository\com\github\virtuald\curvesapi\1.07\curvesapi-1.07.jar;C:\Users\lmartnun\.m2\repository\org\apache\logging\log4j\log4j-api\2.17.2\log4j-api-2.17.2.jar;C:\Users\lmartnun\.m2\repository\org\apache\commons\commons-collections4\4.4\commons-collections4-4.4.jar;"/>
    <property name="sun.cpu.endian" value="little"/>
    <property name="user.home" value="C:\Users\lmartnun"/>
    <property name="user.language" value="es"/>
    <property name="java.specification.vendor" value="Oracle Corporation"/>
    <property name="java.version.date" value="2021-10-19"/>
    <property name="java.home" value="C:\dev\java\jdk-11.0.13"/>
    <property name="file.separator" value="\"/>
    <property name="basedir" value="C:\dev\git\bootcamp\java\bootcamp"/>
    <property name="java.vm.compressedOopsMode" value="32-bit"/>
    <property name="line.separator" value="&#10;"/>
    <property name="java.specification.name" value="Java Platform API Specification"/>
    <property name="java.vm.specification.vendor" value="Oracle Corporation"/>
    <property name="java.awt.graphicsenv" value="sun.awt.Win32GraphicsEnvironment"/>
    <property name="surefire.real.class.path" value="C:\Users\lmartnun\AppData\Local\Temp\surefire15618751924033110126\surefirebooter16012320495916635997.jar"/>
    <property name="user.script" value=""/>
    <property name="sun.management.compiler" value="HotSpot 64-Bit Tiered Compilers"/>
    <property name="java.runtime.version" value="11.0.13+10-LTS-370"/>
    <property name="user.name" value="lmartnun"/>
    <property name="path.separator" value=";"/>
    <property name="os.version" value="10.0"/>
    <property name="java.runtime.name" value="Java(TM) SE Runtime Environment"/>
    <property name="file.encoding" value="Cp1252"/>
    <property name="java.vm.name" value="Java HotSpot(TM) 64-Bit Server VM"/>
    <property name="java.vendor.version" value="18.9"/>
    <property name="localRepository" value="C:\Users\lmartnun\.m2\repository"/>
    <property name="java.vendor.url.bug" value="https://bugreport.java.com/bugreport/"/>
    <property name="java.io.tmpdir" value="C:\Users\lmartnun\AppData\Local\Temp\"/>
    <property name="java.version" value="11.0.13"/>
    <property name="user.dir" value="C:\dev\git\bootcamp\java\bootcamp"/>
    <property name="os.arch" value="amd64"/>
    <property name="java.vm.specification.name" value="Java Virtual Machine Specification"/>
    <property name="java.awt.printerjob" value="sun.awt.windows.WPrinterJob"/>
    <property name="sun.os.patch.level" value=""/>
    <property name="maven.skip.test" value="true"/>
    <property name="java.library.path" value="C:\dev\java\jdk-11.0.13\bin;C:\WINDOWS\Sun\Java\bin;C:\WINDOWS\system32;C:\WINDOWS;C:\Program Files (x86)\Common Files\Oracle\Java\javapath;C:\WINDOWS\system32;C:\WINDOWS;C:\WINDOWS\System32\Wbem;C:\WINDOWS\System32\WindowsPowerShell\v1.0\;C:\WINDOWS\System32\OpenSSH\;C:\Program Files\AutoFirma\AutoFirma;C:\Oracle\instantclient_19_12;C:\Program Files\nodejs\;C:\dev\maven\bin;C:\dev\java\jdk-11.0.13\bin;C:\Users\lmartnun\AppData\Local\Microsoft\WindowsApps;C:\Users\lmartnun\AppData\Local\Programs\Git\cmd;C:\Users\lmartnun\AppData\Local\Programs\Microsoft VS Code\bin;C:\Users\lmartnun\AppData\Roaming\npm;;."/>
    <property name="java.vendor" value="Oracle Corporation"/>
    <property name="java.vm.info" value="mixed mode"/>
    <property name="java.vm.version" value="11.0.13+10-LTS-370"/>
    <property name="sun.io.unicode.encoding" value="UnicodeLittle"/>
    <property name="java.class.version" value="55.0"/>
  </properties>
  <testcase name="com.nttdata.core.menu.web.MenuControllerTestIT" classname="com.nttdata.core.menu.web.MenuControllerTestIT" time="0.005">
    <error message="Previous attempts to find a Docker environment failed. Will not retry. Please see logs and check configuration" type="java.lang.IllegalStateException">java.lang.IllegalStateException: Previous attempts to find a Docker environment failed. Will not retry. Please see logs and check configuration
</error>
  </testcase>
</testsuite>